  proy.cpp
C:\Users\green\OneDrive\Documentos\CompuGrafica\Practicas\Practica8\Practica8\proy.cpp(340,24): warning C4244: 'inicializando': conversión de 'double' a 'GLfloat'; posible pérdida de datos
C:\Users\green\OneDrive\Documentos\CompuGrafica\Practicas\Practica8\Practica8\proy.cpp(832,15): warning C4305: '+=': truncamiento de 'double' a 'float'
C:\Users\green\OneDrive\Documentos\CompuGrafica\Practicas\Practica8\Practica8\proy.cpp(839,15): warning C4305: '-=': truncamiento de 'double' a 'float'
C:\Users\green\OneDrive\Documentos\CompuGrafica\Practicas\Practica8\Practica8\proy.cpp(845,15): warning C4305: '+=': truncamiento de 'double' a 'float'
C:\Users\green\OneDrive\Documentos\CompuGrafica\Practicas\Practica8\Practica8\proy.cpp(851,15): warning C4305: '-=': truncamiento de 'double' a 'float'
C:\Users\green\OneDrive\Documentos\CompuGrafica\Practicas\Practica8\Practica8\proy.cpp(1046,11): warning C4244: '=': conversión de 'double' a 'GLfloat'; posible pérdida de datos
C:\Users\green\OneDrive\Documentos\CompuGrafica\Practicas\Practica8\Practica8\proy.cpp(1047,11): warning C4244: '=': conversión de 'double' a 'GLfloat'; posible pérdida de datos
C:\Users\green\OneDrive\Documentos\CompuGrafica\Practicas\Practica8\Practica8\proy.cpp(1051,18): warning C4244: 'inicializando': conversión de 'double' a 'GLfloat'; posible pérdida de datos
C:\Users\green\OneDrive\Documentos\CompuGrafica\Practicas\Practica8\Practica8\proy.cpp(1052,18): warning C4244: 'inicializando': conversión de 'double' a 'GLfloat'; posible pérdida de datos
C:\Users\green\OneDrive\Documentos\CompuGrafica\Practicas\Practica8\Practica8\proy.cpp(1054,10): warning C4244: '=': conversión de 'double' a 'GLfloat'; posible pérdida de datos
C:\Users\green\OneDrive\Documentos\CompuGrafica\Practicas\Practica8\Practica8\proy.cpp(1055,10): warning C4244: '=': conversión de 'double' a 'GLfloat'; posible pérdida de datos
soil2-debug.lib(SOIL2.obj) : warning LNK4075: se omite '/EDITANDCONTINUE' debido a la especificación '/OPT:ICF'
LINK : warning LNK4098: la biblioteca predeterminada'MSVCRTD' entra en conflicto con otras bibliotecas; use la biblioteca /NODEFAULTLIB:biblioteca
  Generando código
  1 of 593 functions ( 0.2%) were compiled, the rest were copied from previous compilation.
    0 functions were new in current compilation
    0 functions had inline decision re-evaluated but remain unchanged
  Generación de código finalizada
soil2-debug.lib(etc1_utils.obj) : warning LNK4099: no se encontró PDB 'soil2-debug.pdb' con 'soil2-debug.lib(etc1_utils.obj)' o en 'C:\Users\green\OneDrive\Documentos\CompuGrafica\Practicas\Practica8\Release\soil2-debug.pdb'; se vinculará el objeto sin tener en cuenta información de depuración
soil2-debug.lib(image_DXT.obj) : warning LNK4099: no se encontró PDB 'soil2-debug.pdb' con 'soil2-debug.lib(image_DXT.obj)' o en 'C:\Users\green\OneDrive\Documentos\CompuGrafica\Practicas\Practica8\Release\soil2-debug.pdb'; se vinculará el objeto sin tener en cuenta información de depuración
soil2-debug.lib(image_helper.obj) : warning LNK4099: no se encontró PDB 'soil2-debug.pdb' con 'soil2-debug.lib(image_helper.obj)' o en 'C:\Users\green\OneDrive\Documentos\CompuGrafica\Practicas\Practica8\Release\soil2-debug.pdb'; se vinculará el objeto sin tener en cuenta información de depuración
soil2-debug.lib(SOIL2.obj) : warning LNK4099: no se encontró PDB 'soil2-debug.pdb' con 'soil2-debug.lib(SOIL2.obj)' o en 'C:\Users\green\OneDrive\Documentos\CompuGrafica\Practicas\Practica8\Release\soil2-debug.pdb'; se vinculará el objeto sin tener en cuenta información de depuración
  Practica8.vcxproj -> C:\Users\green\OneDrive\Documentos\CompuGrafica\Practicas\Practica8\Release\Practica8.exe
